<?xml version="1.0" encoding="UTF-8"?>
<testng-results skipped="0" failed="0" ignored="0" total="3" passed="3">
  <reporter-output>
    <line>
      <![CDATA[tc001 executed successful]]>
    </line>
    <line>
      <![CDATA[tc002 executed successful]]>
    </line>
    <line>
      <![CDATA[tc003 executed successful]]>
    </line>
  </reporter-output>
  <suite name="Default suite" duration-ms="229" started-at="2023-01-13T19:00:11 IST" finished-at="2023-01-13T19:00:12 IST">
    <groups>
    </groups>
    <test name="Default test" duration-ms="229" started-at="2023-01-13T19:00:11 IST" finished-at="2023-01-13T19:00:12 IST">
      <class name="p1.TestA">
        <test-method status="PASS" signature="tc001()[pri:0, instance:p1.TestA@694e1548]" name="tc001" duration-ms="34" started-at="2023-01-13T19:00:11 IST" finished-at="2023-01-13T19:00:12 IST">
          <reporter-output>
            <line>
              <![CDATA[tc001 executed successful]]>
            </line>
          </reporter-output>
        </test-method> <!-- tc001 -->
        <test-method status="PASS" signature="tc002()[pri:0, instance:p1.TestA@694e1548]" name="tc002" duration-ms="8" started-at="2023-01-13T19:00:12 IST" finished-at="2023-01-13T19:00:12 IST">
          <reporter-output>
            <line>
              <![CDATA[tc002 executed successful]]>
            </line>
          </reporter-output>
        </test-method> <!-- tc002 -->
        <test-method status="PASS" signature="tc003()[pri:0, instance:p1.TestA@694e1548]" name="tc003" duration-ms="0" started-at="2023-01-13T19:00:12 IST" finished-at="2023-01-13T19:00:12 IST">
          <reporter-output>
            <line>
              <![CDATA[tc003 executed successful]]>
            </line>
          </reporter-output>
        </test-method> <!-- tc003 -->
      </class> <!-- p1.TestA -->
    </test> <!-- Default test -->
  </suite> <!-- Default suite -->
</testng-results>
